Grammar

    0 $accept: greetings $end

    1 greetings: H_WORD ID
    2          | H_WORD NAME


Terminals, with rules where they appear

    $end (0) 0
    error (256)
    ID <id_type> (258) 1
    NAME <name_type> (259) 2
    H_WORD <name_type> (260) 1 2


Nonterminals, with rules where they appear

    $accept (6)
        on left: 0
    greetings (7)
        on left: 1 2
        on right: 0


State 0

    0 $accept: . greetings $end

    H_WORD  shift, and go to state 1

    greetings  go to state 2


State 1

    1 greetings: H_WORD . ID
    2          | H_WORD . NAME

    ID    shift, and go to state 3
    NAME  shift, and go to state 4


State 2

    0 $accept: greetings . $end

    $end  shift, and go to state 5


State 3

    1 greetings: H_WORD ID .

    $default  reduce using rule 1 (greetings)


State 4

    2 greetings: H_WORD NAME .

    $default  reduce using rule 2 (greetings)


State 5

    0 $accept: greetings $end .

    $default  accept
